<?xml version="1.0" encoding="UTF-8" ?>
<testsuite tests="5" failures="0" name="runner.TestRunner" time="0.008" errors="0" skipped="0">
  <properties>
    <property name="java.vendor" value="Oracle Corporation"/>
    <property name="JOB_NAME" value="Cucumber Framework"/>
    <property name="sun.java.launcher" value="SUN_STANDARD"/>
    <property name="NUMBER_OF_PROCESSORS" value="8"/>
    <property name="sun.management.compiler" value="HotSpot 64-Bit Tiered Compilers"/>
    <property name="JENKINS_HOME" value="C:\Users\nazim\.jenkins"/>
    <property name="FPS_BROWSER_USER_PROFILE_STRING" value="Default"/>
    <property name="HUDSON_SERVER_COOKIE" value="5451c2a6d5d5c652"/>
    <property name="POM_ARTIFACTID" value="CucumberProject"/>
    <property name="os.name" value="Windows 10"/>
    <property name="sun.boot.class.path" value="C:\Program Files\Java\jdk1.8.0_201\jre\lib\resources.jar;C:\Program Files\Java\jdk1.8.0_201\jre\lib\rt.jar;C:\Program Files\Java\jdk1.8.0_201\jre\lib\sunrsasign.jar;C:\Program Files\Java\jdk1.8.0_201\jre\lib\jsse.jar;C:\Program Files\Java\jdk1.8.0_201\jre\lib\jce.jar;C:\Program Files\Java\jdk1.8.0_201\jre\lib\charsets.jar;C:\Program Files\Java\jdk1.8.0_201\jre\lib\jfr.jar;C:\Program Files\Java\jdk1.8.0_201\jre\classes"/>
    <property name="EXECUTOR_NUMBER" value="1"/>
    <property name="sun.desktop" value="windows"/>
    <property name="PATHEXT" value=".COM;.EXE;.BAT;.CMD;.VBS;.VBE;.JS;.JSE;.WSF;.WSH;.MSC"/>
    <property name="java.vm.specification.vendor" value="Oracle Corporation"/>
    <property name="POM_DISPLAYNAME" value="CucumberProject"/>
    <property name="NODE_LABELS" value="master"/>
    <property name="TEMP" value="C:\Users\nazim\AppData\Local\Temp"/>
    <property name="java.runtime.version" value="1.8.0_201-b09"/>
    <property name="FPS_BROWSER_APP_PROFILE_STRING" value="Internet Explorer"/>
    <property name="user.name" value="nazim"/>
    <property name="guice.disable.misplaced.annotation.check" value="true"/>
    <property name="CommonProgramW6432" value="C:\Program Files\Common Files"/>
    <property name="ProgramFiles" value="C:\Program Files"/>
    <property name="PROMPT" value="$P$G"/>
    <property name="user.language" value="en"/>
    <property name="JOB_BASE_NAME" value="Cucumber Framework"/>
    <property name="RUN_CHANGES_DISPLAY_URL" value="http://unconfigured-jenkins-location/job/Cucumber%20Framework/5/display/redirect?page=changes"/>
    <property name="BUILD_DISPLAY_NAME" value="#5"/>
    <property name="OneDrive" value="C:\Users\nazim\OneDrive"/>
    <property name="sun.boot.library.path" value="C:\Program Files\Java\jdk1.8.0_201\jre\bin"/>
    <property name="LOCALAPPDATA" value="C:\Users\nazim\AppData\Local"/>
    <property name="java.version" value="1.8.0_201"/>
    <property name="PROCESSOR_LEVEL" value="6"/>
    <property name="user.timezone" value="America/New_York"/>
    <property name="USERNAME" value="nazim"/>
    <property name="sun.arch.data.model" value="64"/>
    <property name="Java_Home" value="C:\Program Files\Java\jdk1.8.0_201"/>
    <property name="NODE_NAME" value="master"/>
    <property name="OneDriveConsumer" value="C:\Users\nazim\OneDrive"/>
    <property name="java.endorsed.dirs" value="C:\Program Files\Java\jdk1.8.0_201\jre\lib\endorsed"/>
    <property name="BUILD_ID" value="5"/>
    <property name="sun.cpu.isalist" value="amd64"/>
    <property name="sun.jnu.encoding" value="Cp1252"/>
    <property name="file.encoding.pkg" value="sun.io"/>
    <property name="file.separator" value="\"/>
    <property name="java.specification.name" value="Java Platform API Specification"/>
    <property name="HOMEDRIVE" value="C:"/>
    <property name="maven.conf" value="C:\Users\nazim\Downloads\apache-maven-3.6.3-bin\apache-maven-3.6.3\conf"/>
    <property name="java.class.version" value="52.0"/>
    <property name="=::" value="::\"/>
    <property name="SCITE_USERHOME" value="C:\Users\nazim\AppData\Local\AutoIt v3\SciTE"/>
    <property name="org.slf4j.simpleLogger.defaultLogLevel" value="info"/>
    <property name="user.country" value="US"/>
    <property name="ALLUSERSPROFILE" value="C:\ProgramData"/>
    <property name="java.home" value="C:\Program Files\Java\jdk1.8.0_201\jre"/>
    <property name="java.vm.info" value="mixed mode"/>
    <property name="os.version" value="10.0"/>
    <property name="RUN_DISPLAY_URL" value="http://unconfigured-jenkins-location/job/Cucumber%20Framework/5/display/redirect"/>
    <property name="POM_VERSION" value="0.0.1-SNAPSHOT"/>
    <property name="configsetroot" value="C:\WINDOWS\ConfigSetRoot"/>
    <property name="TMP" value="C:\Users\nazim\AppData\Local\Temp"/>
    <property name="path.separator" value=";"/>
    <property name="java.vm.version" value="25.201-b09"/>
    <property name="user.variant" value=""/>
    <property name="JOB_DISPLAY_URL" value="http://unconfigured-jenkins-location/job/Cucumber%20Framework/display/redirect"/>
    <property name="CommonProgramFiles(x86)" value="C:\Program Files (x86)\Common Files"/>
    <property name="USERDOMAIN_ROAMINGPROFILE" value="NAZIMA"/>
    <property name="java.awt.printerjob" value="sun.awt.windows.WPrinterJob"/>
    <property name="sun.io.unicode.encoding" value="UnicodeLittle"/>
    <property name="CommonProgramFiles" value="C:\Program Files\Common Files"/>
    <property name="ComSpec" value="C:\WINDOWS\system32\cmd.exe"/>
    <property name="awt.toolkit" value="sun.awt.windows.WToolkit"/>
    <property name="HOMEPATH" value="\Users\nazim"/>
    <property name="POM_PACKAGING" value="jar"/>
    <property name="user.script" value=""/>
    <property name="COMPUTERNAME" value="NAZIMA"/>
    <property name="POM_GROUPID" value="CucumberProject"/>
    <property name="user.home" value="C:\Users\nazim"/>
    <property name="PUBLIC" value="C:\Users\Public"/>
    <property name="BUILD_TAG" value="jenkins-Cucumber Framework-5"/>
    <property name="JENKINS_SERVER_COOKIE" value="5451c2a6d5d5c652"/>
    <property name="ProgramData" value="C:\ProgramData"/>
    <property name="java.specification.vendor" value="Oracle Corporation"/>
    <property name="USERPROFILE" value="C:\Users\nazim"/>
    <property name="CLASSPATH" value=""/>
    <property name="java.vendor.url" value="http://java.oracle.com/"/>
    <property name="java.library.path" value="C:\Program Files\Java\jdk1.8.0_201\bin;C:\WINDOWS\Sun\Java\bin;C:\WINDOWS\system32;C:\WINDOWS;C:\Users\nazim\Downloads\apache-maven-3.6.3-bin\apache-maven-3.6.3/bin;C:\Program Files\Java\jdk1.8.0_201/bin;C:\Program Files\Java\jdk1.8.0_201/bin;C:\Program Files (x86)\Common Files\Oracle\Java\javapath;C:\Program Files (x86)\Intel\iCLS Client\;C:\Program Files\Intel\iCLS Client\;C:\WINDOWS\system32;C:\WINDOWS;C:\WINDOWS\System32\Wbem;C:\WINDOWS\System32\WindowsPowerShell\v1.0\;C:\Program Files (x86)\Intel\Intel(R) Management Engine Components\DAL;C:\Program Files\Intel\Intel(R) Management Engine Components\DAL;C:\Program Files (x86)\Intel\Intel(R) Management Engine Components\IPT;C:\Program Files\Intel\Intel(R) Management Engine Components\IPT;C:\WINDOWS\System32\OpenSSH\;C:\Python27;C:\Program Files\Java;C:\Python27\Scripts;C:\Users\nazim\AppData\Local\Android\Sdk\platform-tools;C:\Users\nazim\AppData\Local\Android\Sdk\tools;C:\Program Files\Microsoft Windows Performance Toolkit\;C:\Program Files (x86)\Windows Kits\10\Windows Performance Toolkit\;C:\Program Files\Java\jdk1.8.0_201\bin;C:\Program Files (x86)\Common Files\Apple\Internet Services\;C:\Program Files\Java\jdk1.8.0_201\lib\jvm.lib;C:\Program Files\Java\jdk1.8.0_201\jre\bin\server\jvm.dll;C:\Program Files\Java\jdk1.8.0_201\lib;C:\Users\nazim\AppData\Local\Microsoft\WindowsApps;C:\Program Files\Java\jdk1.8.0_201\lib\jvm.lib;C:\Program Files\Java\jdk1.8.0_201\jre\bin\server\jvm.dll;C:\Program Files\Java\jdk1.8.0_201\lib;;."/>
    <property name="java.vm.vendor" value="Oracle Corporation"/>
    <property name="APPDATA" value="C:\Users\nazim\AppData\Roaming"/>
    <property name="java.runtime.name" value="Java(TM) SE Runtime Environment"/>
    <property name="maven.home" value="C:\Users\nazim\Downloads\apache-maven-3.6.3-bin\apache-maven-3.6.3"/>
    <property name="java.class.path" value="C:\Users\nazim\.jenkins\plugins\maven-plugin\WEB-INF\lib\maven35-agent-1.13.jar;C:\Users\nazim\Downloads\apache-maven-3.6.3-bin\apache-maven-3.6.3\boot\plexus-classworlds-2.6.0.jar;C:\Users\nazim\Downloads\apache-maven-3.6.3-bin\apache-maven-3.6.3/conf/logging"/>
    <property name="sun.java.command" value="jenkins.maven3.agent.Maven35Main C:\Users\nazim\Downloads\apache-maven-3.6.3-bin\apache-maven-3.6.3 C:\Users\nazim\.jenkins\war\WEB-INF\lib\remoting-4.2.jar C:\Users\nazim\.jenkins\plugins\maven-plugin\WEB-INF\lib\maven35-interceptor-1.13.jar C:\Users\nazim\.jenkins\plugins\maven-plugin\WEB-INF\lib\maven3-interceptor-commons-1.13.jar 51724"/>
    <property name="Path" value="C:\Program Files\Java\jdk1.8.0_201/bin;C:\Program Files (x86)\Common Files\Oracle\Java\javapath;C:\Program Files (x86)\Intel\iCLS Client\;C:\Program Files\Intel\iCLS Client\;C:\WINDOWS\system32;C:\WINDOWS;C:\WINDOWS\System32\Wbem;C:\WINDOWS\System32\WindowsPowerShell\v1.0\;C:\Program Files (x86)\Intel\Intel(R) Management Engine Components\DAL;C:\Program Files\Intel\Intel(R) Management Engine Components\DAL;C:\Program Files (x86)\Intel\Intel(R) Management Engine Components\IPT;C:\Program Files\Intel\Intel(R) Management Engine Components\IPT;C:\WINDOWS\System32\OpenSSH\;C:\Python27;C:\Program Files\Java;C:\Python27\Scripts;C:\Users\nazim\AppData\Local\Android\Sdk\platform-tools;C:\Users\nazim\AppData\Local\Android\Sdk\tools;C:\Program Files\Microsoft Windows Performance Toolkit\;C:\Program Files (x86)\Windows Kits\10\Windows Performance Toolkit\;C:\Program Files\Java\jdk1.8.0_201\bin;C:\Program Files (x86)\Common Files\Apple\Internet Services\;C:\Program Files\Java\jdk1.8.0_201\lib\jvm.lib;C:\Program Files\Java\jdk1.8.0_201\jre\bin\server\jvm.dll;C:\Program Files\Java\jdk1.8.0_201\lib;C:\Users\nazim\AppData\Local\Microsoft\WindowsApps;C:\Program Files\Java\jdk1.8.0_201\lib\jvm.lib;C:\Program Files\Java\jdk1.8.0_201\jre\bin\server\jvm.dll;C:\Program Files\Java\jdk1.8.0_201\lib;"/>
    <property name="java.vm.specification.name" value="Java Virtual Machine Specification"/>
    <property name="PROCESSOR_ARCHITECTURE" value="AMD64"/>
    <property name="PATH+JDK" value="C:\Program Files\Java\jdk1.8.0_201/bin"/>
    <property name="PROCESSOR_IDENTIFIER" value="Intel64 Family 6 Model 142 Stepping 10, GenuineIntel"/>
    <property name="SESSIONNAME" value="Console"/>
    <property name="java.vm.specification.version" value="1.8"/>
    <property name="sun.os.patch.level" value=""/>
    <property name="sun.cpu.endian" value="little"/>
    <property name="M2_HOME" value="C:\Users\nazim\Downloads\apache-maven-3.6.3-bin\apache-maven-3.6.3"/>
    <property name="java.io.tmpdir" value="C:\Users\nazim\AppData\Local\Temp\"/>
    <property name="OS" value="Windows_NT"/>
    <property name="HUDSON_HOME" value="C:\Users\nazim\.jenkins"/>
    <property name="PATH+MAVEN" value="C:\Users\nazim\Downloads\apache-maven-3.6.3-bin\apache-maven-3.6.3/bin"/>
    <property name="ProgramFiles(x86)" value="C:\Program Files (x86)"/>
    <property name="java.vendor.url.bug" value="http://bugreport.sun.com/bugreport/"/>
    <property name="java.awt.graphicsenv" value="sun.awt.Win32GraphicsEnvironment"/>
    <property name="os.arch" value="amd64"/>
    <property name="SystemRoot" value="C:\WINDOWS"/>
    <property name="java.ext.dirs" value="C:\Program Files\Java\jdk1.8.0_201\jre\lib\ext;C:\WINDOWS\Sun\Java\lib\ext"/>
    <property name="user.dir" value="C:\Users\nazim\workspace3\CucumberProject"/>
    <property name="Python" value="C:\Python27\Scripts"/>
    <property name="LOGONSERVER" value="\\NAZIMA"/>
    <property name="USERDOMAIN" value="NAZIMA"/>
    <property name="line.separator" value="
"/>
    <property name="MAVEN_HOME" value="C:\Users\nazim\Downloads\apache-maven-3.6.3-bin\apache-maven-3.6.3"/>
    <property name="java.vm.name" value="Java HotSpot(TM) 64-Bit Server VM"/>
    <property name="BUILD_NUMBER" value="5"/>
    <property name="ANDROID_HOME" value="C:\Users\nazim\AppData\Local\Android\Sdk"/>
    <property name="PROCESSOR_REVISION" value="8e0a"/>
    <property name="ProgramW6432" value="C:\Program Files"/>
    <property name="windir" value="C:\WINDOWS"/>
    <property name="=C:" value="C:\Users\nazim"/>
    <property name="file.encoding" value="Cp1252"/>
    <property name="SystemDrive" value="C:"/>
    <property name="maven3.interceptor" value="C:\Users\nazim\.jenkins\plugins\maven-plugin\WEB-INF\lib\maven35-interceptor-1.13.jar"/>
    <property name="WORKSPACE_TMP" value="C:\Users\nazim\.jenkins\workspace\Cucumber Framework@tmp"/>
    <property name="WORKSPACE" value="C:\Users\nazim\.jenkins\workspace\Cucumber Framework"/>
    <property name="maven3.interceptor.common" value="C:\Users\nazim\.jenkins\plugins\maven-plugin\WEB-INF\lib\maven3-interceptor-commons-1.13.jar"/>
    <property name="java.specification.version" value="1.8"/>
    <property name="PSModulePath" value="C:\Program Files (x86)\WindowsPowerShell\Modules;C:\WINDOWS\system32\WindowsPowerShell\v1.0\Modules;C:\Program Files (x86)\AutoIt3\AutoItX"/>
    <property name="DriverData" value="C:\Windows\System32\Drivers\DriverData"/>
  </properties>
  <testcase classname="Scenario: Test login with valid credentials" name="Given Open Chrome Driver and start the application" time="0.007"/>
  <testcase classname="Scenario: Test login with valid credentials" name="When I enter valid user name and password" time="0"/>
  <testcase classname="Scenario: Test login with valid credentials" name="Then User should be able to login successfully" time="0"/>
  <testcase classname="Scenario: Test login with valid credentials" name="Then Application is closed." time="0"/>
  <testcase classname="Scenario: Test login with valid credentials" name="Scenario: Test login with valid credentials" time="0.001"/>
</testsuite>